-------------------------------------------------------------------------------
Test set: ru.qa_scooter.praktikum_services.OrderCreationTest
-------------------------------------------------------------------------------
Tests run: 4, Failures: 0, Errors: 1, Skipped: 0, Time elapsed: 1.171 s <<< FAILURE! - in ru.qa_scooter.praktikum_services.OrderCreationTest
checkOrderCanBeCreatedTest[1](ru.qa_scooter.praktikum_services.OrderCreationTest)  Time elapsed: 0.192 s  <<< ERROR!
java.lang.NullPointerException
	at ru.qa_scooter.praktikum_services.OrderCreationTest.checkOrderCanBeCreatedTest(OrderCreationTest.java:57)

